  力扣_下一个最大值2.c
D:\c程序\vs\力扣\力扣_下一个更大元素.c\力扣_下一个更大元素.c\力扣_下一个最大值2.c(17,34): warning C4013: “malloc”未定义；假设外部返回 int
D:\c程序\vs\力扣\力扣_下一个更大元素.c\力扣_下一个更大元素.c\力扣_下一个最大值2.c(18,11): warning C4013: “assert”未定义；假设外部返回 int
D:\c程序\vs\力扣\力扣_下一个更大元素.c\力扣_下一个更大元素.c\力扣_下一个最大值2.c(20,25): error C2065: “NULL”: 未声明的标识符
D:\c程序\vs\力扣\力扣_下一个更大元素.c\力扣_下一个更大元素.c\力扣_下一个最大值2.c(20,25): warning C4047: “=”:“Node *”与“int”的间接级别不同
D:\c程序\vs\力扣\力扣_下一个更大元素.c\力扣_下一个更大元素.c\力扣_下一个最大值2.c(21,26): error C2065: “NULL”: 未声明的标识符
D:\c程序\vs\力扣\力扣_下一个更大元素.c\力扣_下一个更大元素.c\力扣_下一个最大值2.c(21,26): warning C4047: “=”:“Node *”与“int”的间接级别不同
D:\c程序\vs\力扣\力扣_下一个更大元素.c\力扣_下一个更大元素.c\力扣_下一个最大值2.c(31,25): error C2065: “NULL”: 未声明的标识符
D:\c程序\vs\力扣\力扣_下一个更大元素.c\力扣_下一个更大元素.c\力扣_下一个最大值2.c(31,25): warning C4047: “=”:“hashNode *”与“int”的间接级别不同
D:\c程序\vs\力扣\力扣_下一个更大元素.c\力扣_下一个更大元素.c\力扣_下一个最大值2.c(53,20): error C2065: “NULL”: 未声明的标识符
D:\c程序\vs\力扣\力扣_下一个更大元素.c\力扣_下一个更大元素.c\力扣_下一个最大值2.c(53,20): warning C4047: “return”:“int *”与“int”的间接级别不同
D:\c程序\vs\力扣\力扣_下一个更大元素.c\力扣_下一个更大元素.c\力扣_下一个最大值2.c(57,24): error C2065: “NULL”: 未声明的标识符
D:\c程序\vs\力扣\力扣_下一个更大元素.c\力扣_下一个更大元素.c\力扣_下一个最大值2.c(57,24): warning C4047: “=”:“hashNode *”与“int”的间接级别不同
D:\c程序\vs\力扣\力扣_下一个更大元素.c\力扣_下一个更大元素.c\力扣_下一个最大值2.c(60,22): error C2065: “NULL”: 未声明的标识符
D:\c程序\vs\力扣\力扣_下一个更大元素.c\力扣_下一个更大元素.c\力扣_下一个最大值2.c(60,22): warning C4047: “=”:“hashNode *”与“int”的间接级别不同
D:\c程序\vs\力扣\力扣_下一个更大元素.c\力扣_下一个更大元素.c\力扣_下一个最大值2.c(65,24): error C2065: “NULL”: 未声明的标识符
D:\c程序\vs\力扣\力扣_下一个更大元素.c\力扣_下一个更大元素.c\力扣_下一个最大值2.c(65,24): warning C4047: “=”:“Node *”与“int”的间接级别不同
D:\c程序\vs\力扣\力扣_下一个更大元素.c\力扣_下一个更大元素.c\力扣_下一个最大值2.c(66,25): error C2065: “NULL”: 未声明的标识符
D:\c程序\vs\力扣\力扣_下一个更大元素.c\力扣_下一个更大元素.c\力扣_下一个最大值2.c(66,25): warning C4047: “=”:“Node *”与“int”的间接级别不同
D:\c程序\vs\力扣\力扣_下一个更大元素.c\力扣_下一个更大元素.c\力扣_下一个最大值2.c(69,21): error C2065: “NULL”: 未声明的标识符
D:\c程序\vs\力扣\力扣_下一个更大元素.c\力扣_下一个更大元素.c\力扣_下一个最大值2.c(69,21): warning C4047: “=”:“Node *”与“int”的间接级别不同
D:\c程序\vs\力扣\力扣_下一个更大元素.c\力扣_下一个更大元素.c\力扣_下一个最大值2.c(70,22): error C2065: “NULL”: 未声明的标识符
D:\c程序\vs\力扣\力扣_下一个更大元素.c\力扣_下一个更大元素.c\力扣_下一个最大值2.c(70,22): warning C4047: “=”:“Node *”与“int”的间接级别不同
D:\c程序\vs\力扣\力扣_下一个更大元素.c\力扣_下一个更大元素.c\力扣_下一个最大值2.c(86,29): error C2065: “NULL”: 未声明的标识符
D:\c程序\vs\力扣\力扣_下一个更大元素.c\力扣_下一个更大元素.c\力扣_下一个最大值2.c(86,29): warning C4047: “=”:“Node *”与“int”的间接级别不同
D:\c程序\vs\力扣\力扣_下一个更大元素.c\力扣_下一个更大元素.c\力扣_下一个最大值2.c(87,17): warning C4013: “free”未定义；假设外部返回 int
D:\c程序\vs\力扣\力扣_下一个更大元素.c\力扣_下一个更大元素.c\力扣_下一个最大值2.c(88,23): error C2065: “NULL”: 未声明的标识符
D:\c程序\vs\力扣\力扣_下一个更大元素.c\力扣_下一个更大元素.c\力扣_下一个最大值2.c(88,23): warning C4047: “=”:“Node *”与“int”的间接级别不同
D:\c程序\vs\力扣\力扣_下一个更大元素.c\力扣_下一个更大元素.c\力扣_下一个最大值2.c(99,25): error C2065: “NULL”: 未声明的标识符
D:\c程序\vs\力扣\力扣_下一个更大元素.c\力扣_下一个更大元素.c\力扣_下一个最大值2.c(99,25): warning C4047: “=”:“Node *”与“int”的间接级别不同
D:\c程序\vs\力扣\力扣_下一个更大元素.c\力扣_下一个更大元素.c\力扣_下一个最大值2.c(101,19): error C2065: “NULL”: 未声明的标识符
D:\c程序\vs\力扣\力扣_下一个更大元素.c\力扣_下一个更大元素.c\力扣_下一个最大值2.c(101,19): warning C4047: “=”:“Node *”与“int”的间接级别不同
D:\c程序\vs\力扣\力扣_下一个更大元素.c\力扣_下一个更大元素.c\力扣_下一个最大值2.c(110,28): error C2065: “NULL”: 未声明的标识符
D:\c程序\vs\力扣\力扣_下一个更大元素.c\力扣_下一个更大元素.c\力扣_下一个最大值2.c(110,28): warning C4047: “!=”:“hashNode *”与“int”的间接级别不同
