  链式结构3.c
D:\c程序\vs\堆栈实现2.c\堆栈实现2.c\链式结构3.c(15,17): error C2143: 语法错误: 缺少“{”(在“*”的前面)
D:\c程序\vs\堆栈实现2.c\堆栈实现2.c\链式结构3.c(26,20): error C2065: “newNode”: 未声明的标识符
D:\c程序\vs\堆栈实现2.c\堆栈实现2.c\链式结构3.c(26,11): error C2088: “*”: 对于 struct 非法
D:\c程序\vs\堆栈实现2.c\堆栈实现2.c\链式结构3.c(27,10): error C2065: “newNode”: 未声明的标识符
D:\c程序\vs\堆栈实现2.c\堆栈实现2.c\链式结构3.c(27,23): error C2059: 语法错误:“)”
D:\c程序\vs\堆栈实现2.c\堆栈实现2.c\链式结构3.c(28,2): error C2065: “newNode”: 未声明的标识符
D:\c程序\vs\堆栈实现2.c\堆栈实现2.c\链式结构3.c(29,14): error C2065: “newNode”: 未声明的标识符
D:\c程序\vs\堆栈实现2.c\堆栈实现2.c\链式结构3.c(29,21): warning C4047: “==”:“int”与“void *”的间接级别不同
D:\c程序\vs\堆栈实现2.c\堆栈实现2.c\链式结构3.c(31,9): error C2065: “newNode”: 未声明的标识符
D:\c程序\vs\堆栈实现2.c\堆栈实现2.c\链式结构3.c(31,11): error C2223: “->value”的左侧必须指向结构/联合
D:\c程序\vs\堆栈实现2.c\堆栈实现2.c\链式结构3.c(32,9): error C2065: “newNode”: 未声明的标识符
D:\c程序\vs\堆栈实现2.c\堆栈实现2.c\链式结构3.c(32,11): error C2223: “->next”的左侧必须指向结构/联合
D:\c程序\vs\堆栈实现2.c\堆栈实现2.c\链式结构3.c(33,17): error C2065: “newNode”: 未声明的标识符
D:\c程序\vs\堆栈实现2.c\堆栈实现2.c\链式结构3.c(33,17): warning C4047: “=”:“int *”与“int”的间接级别不同
D:\c程序\vs\堆栈实现2.c\堆栈实现2.c\链式结构3.c(39,22): error C2065: “firstNode”: 未声明的标识符
D:\c程序\vs\堆栈实现2.c\堆栈实现2.c\链式结构3.c(39,11): error C2088: “*”: 对于 struct 非法
D:\c程序\vs\堆栈实现2.c\堆栈实现2.c\链式结构3.c(42,12): error C2065: “firstNode”: 未声明的标识符
D:\c程序\vs\堆栈实现2.c\堆栈实现2.c\链式结构3.c(42,19): warning C4047: “=”:“int”与“int *”的间接级别不同
D:\c程序\vs\堆栈实现2.c\堆栈实现2.c\链式结构3.c(43,19): error C2065: “firstNode”: 未声明的标识符
D:\c程序\vs\堆栈实现2.c\堆栈实现2.c\链式结构3.c(43,21): error C2223: “->next”的左侧必须指向结构/联合
D:\c程序\vs\堆栈实现2.c\堆栈实现2.c\链式结构3.c(44,16): error C2065: “firstNode”: 未声明的标识符
D:\c程序\vs\堆栈实现2.c\堆栈实现2.c\链式结构3.c(44,7): warning C4022: “free”: 指针与实参 1 不匹配
D:\c程序\vs\堆栈实现2.c\堆栈实现2.c\链式结构3.c(51,16): error C2223: “->value”的左侧必须指向结构/联合
D:\c程序\vs\堆栈实现2.c\堆栈实现2.c\链式结构3.c(51,2): warning C4033: “top”必须返回值
D:\c程序\vs\堆栈实现2.c\堆栈实现2.c\链式结构3.c(68,19): error C2065: “p_Node”: 未声明的标识符
D:\c程序\vs\堆栈实现2.c\堆栈实现2.c\链式结构3.c(68,11): error C2088: “*”: 对于 struct 非法
D:\c程序\vs\堆栈实现2.c\堆栈实现2.c\链式结构3.c(69,9): error C2065: “p_Node”: 未声明的标识符
D:\c程序\vs\堆栈实现2.c\堆栈实现2.c\链式结构3.c(69,16): warning C4047: “=”:“int”与“int *”的间接级别不同
D:\c程序\vs\堆栈实现2.c\堆栈实现2.c\链式结构3.c(71,13): error C2065: “p_Node”: 未声明的标识符
D:\c程序\vs\堆栈实现2.c\堆栈实现2.c\链式结构3.c(71,20): warning C4047: “==”:“int”与“void *”的间接级别不同
D:\c程序\vs\堆栈实现2.c\堆栈实现2.c\链式结构3.c(73,16): error C2065: “p_Node”: 未声明的标识符
D:\c程序\vs\堆栈实现2.c\堆栈实现2.c\链式结构3.c(73,23): warning C4047: “!=”:“int”与“void *”的间接级别不同
D:\c程序\vs\堆栈实现2.c\堆栈实现2.c\链式结构3.c(75,22): error C2065: “p_Node”: 未声明的标识符
D:\c程序\vs\堆栈实现2.c\堆栈实现2.c\链式结构3.c(75,24): error C2223: “->value”的左侧必须指向结构/联合
D:\c程序\vs\堆栈实现2.c\堆栈实现2.c\链式结构3.c(75,10): warning C4473: “printf”: 没有为格式字符串传递足够的参数
D:\c程序\vs\堆栈实现2.c\堆栈实现2.c\链式结构3.c(75,10): message : 占位符和其参数预计 1 可变参数，但提供的却是 0 参数
D:\c程序\vs\堆栈实现2.c\堆栈实现2.c\链式结构3.c(75,10): message : 缺失的可变参数 1 为格式字符串“%d”所需
D:\c程序\vs\堆栈实现2.c\堆栈实现2.c\链式结构3.c(76,10): error C2065: “p_Node”: 未声明的标识符
D:\c程序\vs\堆栈实现2.c\堆栈实现2.c\链式结构3.c(76,18): error C2065: “p_Node”: 未声明的标识符
D:\c程序\vs\堆栈实现2.c\堆栈实现2.c\链式结构3.c(76,20): error C2223: “->next”的左侧必须指向结构/联合
