  力扣_合并两个有序链表.c
D:\c程序\vs\力扣\力扣_合并两个有序链表.c\力扣_合并两个有序链表.c\力扣_合并两个有序链表.c(16,13): error C2037: “val”的左侧部分指定未定义的结构/联合“ListNode”
D:\c程序\vs\力扣\力扣_合并两个有序链表.c\力扣_合并两个有序链表.c\力扣_合并两个有序链表.c(16,24): error C2037: “val”的左侧部分指定未定义的结构/联合“ListNode”
D:\c程序\vs\力扣\力扣_合并两个有序链表.c\力扣_合并两个有序链表.c\力扣_合并两个有序链表.c(19,18): error C2037: “next”的左侧部分指定未定义的结构/联合“ListNode”
D:\c程序\vs\力扣\力扣_合并两个有序链表.c\力扣_合并两个有序链表.c\力扣_合并两个有序链表.c(24,18): error C2037: “next”的左侧部分指定未定义的结构/联合“ListNode”
D:\c程序\vs\力扣\力扣_合并两个有序链表.c\力扣_合并两个有序链表.c\力扣_合并两个有序链表.c(30,17): error C2037: “val”的左侧部分指定未定义的结构/联合“ListNode”
D:\c程序\vs\力扣\力扣_合并两个有序链表.c\力扣_合并两个有序链表.c\力扣_合并两个有序链表.c(30,28): error C2037: “val”的左侧部分指定未定义的结构/联合“ListNode”
D:\c程序\vs\力扣\力扣_合并两个有序链表.c\力扣_合并两个有序链表.c\力扣_合并两个有序链表.c(32,19): error C2037: “next”的左侧部分指定未定义的结构/联合“ListNode”
D:\c程序\vs\力扣\力扣_合并两个有序链表.c\力扣_合并两个有序链表.c\力扣_合并两个有序链表.c(33,22): error C2037: “next”的左侧部分指定未定义的结构/联合“ListNode”
D:\c程序\vs\力扣\力扣_合并两个有序链表.c\力扣_合并两个有序链表.c\力扣_合并两个有序链表.c(37,19): error C2037: “next”的左侧部分指定未定义的结构/联合“ListNode”
D:\c程序\vs\力扣\力扣_合并两个有序链表.c\力扣_合并两个有序链表.c\力扣_合并两个有序链表.c(38,22): error C2037: “next”的左侧部分指定未定义的结构/联合“ListNode”
D:\c程序\vs\力扣\力扣_合并两个有序链表.c\力扣_合并两个有序链表.c\力扣_合并两个有序链表.c(40,22): error C2037: “next”的左侧部分指定未定义的结构/联合“ListNode”
D:\c程序\vs\力扣\力扣_合并两个有序链表.c\力扣_合并两个有序链表.c\力扣_合并两个有序链表.c(45,15): error C2037: “next”的左侧部分指定未定义的结构/联合“ListNode”
D:\c程序\vs\力扣\力扣_合并两个有序链表.c\力扣_合并两个有序链表.c\力扣_合并两个有序链表.c(47,15): error C2037: “next”的左侧部分指定未定义的结构/联合“ListNode”
D:\c程序\vs\力扣\力扣_合并两个有序链表.c\力扣_合并两个有序链表.c\力扣_合并两个有序链表.c(53,18): error C2084: 函数“ListNode *mergeTwoLists(ListNode *,ListNode *)”已有主体
D:\c程序\vs\力扣\力扣_合并两个有序链表.c\力扣_合并两个有序链表.c\力扣_合并两个有序链表.c(5): message : 参见“mergeTwoLists”的前一个定义
D:\c程序\vs\力扣\力扣_合并两个有序链表.c\力扣_合并两个有序链表.c\力扣_合并两个有序链表.c(62,80): error C2027: 使用了未定义类型“ListNode”
D:\c程序\vs\力扣\力扣_合并两个有序链表.c\力扣_合并两个有序链表.c\力扣_合并两个有序链表.c(5): message : 参见“ListNode”的声明
D:\c程序\vs\力扣\力扣_合并两个有序链表.c\力扣_合并两个有序链表.c\力扣_合并两个有序链表.c(68,17): error C2037: “val”的左侧部分指定未定义的结构/联合“ListNode”
D:\c程序\vs\力扣\力扣_合并两个有序链表.c\力扣_合并两个有序链表.c\力扣_合并两个有序链表.c(68,28): error C2037: “val”的左侧部分指定未定义的结构/联合“ListNode”
D:\c程序\vs\力扣\力扣_合并两个有序链表.c\力扣_合并两个有序链表.c\力扣_合并两个有序链表.c(70,19): error C2037: “next”的左侧部分指定未定义的结构/联合“ListNode”
D:\c程序\vs\力扣\力扣_合并两个有序链表.c\力扣_合并两个有序链表.c\力扣_合并两个有序链表.c(71,22): error C2037: “next”的左侧部分指定未定义的结构/联合“ListNode”
D:\c程序\vs\力扣\力扣_合并两个有序链表.c\力扣_合并两个有序链表.c\力扣_合并两个有序链表.c(75,19): error C2037: “next”的左侧部分指定未定义的结构/联合“ListNode”
D:\c程序\vs\力扣\力扣_合并两个有序链表.c\力扣_合并两个有序链表.c\力扣_合并两个有序链表.c(76,22): error C2037: “next”的左侧部分指定未定义的结构/联合“ListNode”
D:\c程序\vs\力扣\力扣_合并两个有序链表.c\力扣_合并两个有序链表.c\力扣_合并两个有序链表.c(78,22): error C2037: “next”的左侧部分指定未定义的结构/联合“ListNode”
D:\c程序\vs\力扣\力扣_合并两个有序链表.c\力扣_合并两个有序链表.c\力扣_合并两个有序链表.c(82,15): error C2037: “next”的左侧部分指定未定义的结构/联合“ListNode”
D:\c程序\vs\力扣\力扣_合并两个有序链表.c\力扣_合并两个有序链表.c\力扣_合并两个有序链表.c(84,15): error C2037: “next”的左侧部分指定未定义的结构/联合“ListNode”
D:\c程序\vs\力扣\力扣_合并两个有序链表.c\力扣_合并两个有序链表.c\力扣_合并两个有序链表.c(86,21): error C2037: “next”的左侧部分指定未定义的结构/联合“ListNode”
D:\c程序\vs\力扣\力扣_合并两个有序链表.c\力扣_合并两个有序链表.c\力扣_合并两个有序链表.c(86,5): warning C4033: “mergeTwoLists”必须返回值
