  力扣_前K个高频单词.c
D:\c程序\vs\力扣\力扣_前K个高频单词.c\力扣_前K个高频单词.c\力扣_前K个高频单词.c(9,5): error C2061: 语法错误: 标识符“UT_hash_handle”
D:\c程序\vs\力扣\力扣_前K个高频单词.c\力扣_前K个高频单词.c\力扣_前K个高频单词.c(10,1): error C2059: 语法错误:“}”
D:\c程序\vs\力扣\力扣_前K个高频单词.c\力扣_前K个高频单词.c\力扣_前K个高频单词.c(16,62): error C2027: 使用了未定义类型“Mystruct”
D:\c程序\vs\力扣\力扣_前K个高频单词.c\力扣_前K个高频单词.c\力扣_前K个高频单词.c(5): message : 参见“Mystruct”的声明
D:\c程序\vs\力扣\力扣_前K个高频单词.c\力扣_前K个高频单词.c\力扣_前K个高频单词.c(18,11): warning C4013: “strcpy”未定义；假设外部返回 int
D:\c程序\vs\力扣\力扣_前K个高频单词.c\力扣_前K个高频单词.c\力扣_前K个高频单词.c(18,21): error C2037: “key”的左侧部分指定未定义的结构/联合“Mystruct”
D:\c程序\vs\力扣\力扣_前K个高频单词.c\力扣_前K个高频单词.c\力扣_前K个高频单词.c(20,14): error C2037: “value”的左侧部分指定未定义的结构/联合“Mystruct”
D:\c程序\vs\力扣\力扣_前K个高频单词.c\力扣_前K个高频单词.c\力扣_前K个高频单词.c(22,17): warning C4013: “HASH_ADD_STR”未定义；假设外部返回 int
D:\c程序\vs\力扣\力扣_前K个高频单词.c\力扣_前K个高频单词.c\力扣_前K个高频单词.c(28,18): warning C4013: “HASH_FIND_STR”未定义；假设外部返回 int
D:\c程序\vs\力扣\力扣_前K个高频单词.c\力扣_前K个高频单词.c\力扣_前K个高频单词.c(34,16): error C2037: “value”的左侧部分指定未定义的结构/联合“Mystruct”
D:\c程序\vs\力扣\力扣_前K个高频单词.c\力扣_前K个高频单词.c\力扣_前K个高频单词.c(34,27): error C2037: “value”的左侧部分指定未定义的结构/联合“Mystruct”
D:\c程序\vs\力扣\力扣_前K个高频单词.c\力扣_前K个高频单词.c\力扣_前K个高频单词.c(34,5): warning C4033: “sort1”必须返回值
D:\c程序\vs\力扣\力扣_前K个高频单词.c\力扣_前K个高频单词.c\力扣_前K个高频单词.c(39,14): warning C4013: “HASH_SORT”未定义；假设外部返回 int
D:\c程序\vs\力扣\力扣_前K个高频单词.c\力扣_前K个高频单词.c\力扣_前K个高频单词.c(44,18): warning C4013: “strcmp”未定义；假设外部返回 int
D:\c程序\vs\力扣\力扣_前K个高频单词.c\力扣_前K个高频单词.c\力扣_前K个高频单词.c(44,22): error C2037: “key”的左侧部分指定未定义的结构/联合“Mystruct”
D:\c程序\vs\力扣\力扣_前K个高频单词.c\力扣_前K个高频单词.c\力扣_前K个高频单词.c(44,30): error C2037: “key”的左侧部分指定未定义的结构/联合“Mystruct”
D:\c程序\vs\力扣\力扣_前K个高频单词.c\力扣_前K个高频单词.c\力扣_前K个高频单词.c(65,16): error C2037: “value”的左侧部分指定未定义的结构/联合“Mystruct”
D:\c程序\vs\力扣\力扣_前K个高频单词.c\力扣_前K个高频单词.c\力扣_前K个高频单词.c(74,30): error C2037: “key”的左侧部分指定未定义的结构/联合“Mystruct”
D:\c程序\vs\力扣\力扣_前K个高频单词.c\力扣_前K个高频单词.c\力扣_前K个高频单词.c(75,20): error C2037: “hh”的左侧部分指定未定义的结构/联合“Mystruct”
D:\c程序\vs\力扣\力扣_前K个高频单词.c\力扣_前K个高频单词.c\力扣_前K个高频单词.c(79,15): warning C4133: “return”: 从“Mystruct **”到“char **”的类型不兼容
